<?xml version="1.0" encoding="UTF-8"?>
<!-- Generated by org.testng.reporters.JUnitXMLReporter -->
<testsuite ignored="2" hostname="owner-PC" failures="0" tests="3" name="TestRunner-Firefox" time="257.431" errors="0" timestamp="2021-12-27T16:09:43 IST">
  <testcase classname="com.crm.autodesk.genericutility.BaseClass" name="@BeforeClass launchBrowser" time="159.096">
    <failure type="org.openqa.selenium.SessionNotCreatedException" message="session not created
from disconnected: Unable to receive message from renderer
  (Session info: chrome=96.0.4664.110)
Build info: version: &amp;apos;3.141.59&amp;apos;, revision: &amp;apos;e82be7d358&amp;apos;, time: &amp;apos;2018-11-14T08:17:03&amp;apos;
System info: host: &amp;apos;OWNER-PC&amp;apos;, ip: &amp;apos;127.0.0.1&amp;apos;, os.name: &amp;apos;Windows 7&amp;apos;, os.arch: &amp;apos;amd64&amp;apos;, os.version: &amp;apos;6.1&amp;apos;, java.version: &amp;apos;16.0.1&amp;apos;
Driver info: driver.version: ChromeDriver
remote stacktrace: Backtrace:
	Ordinal0 [0x01356903+2517251]
	Ordinal0 [0x012EF8E1+2095329]
	Ordinal0 [0x011F2848+1058888]
	Ordinal0 [0x011E4FBF+1003455]
	Ordinal0 [0x011E3F8D+999309]
	Ordinal0 [0x011E4246+1000006]
	Ordinal0 [0x011E3B35+998197]
	Ordinal0 [0x011EE924+1042724]
	Ordinal0 [0x011E3AF1+998129]
	Ordinal0 [0x011E49F6+1001974]
	Ordinal0 [0x011E3F8D+999309]
	Ordinal0 [0x011E4246+1000006]
	Ordinal0 [0x011E3B35+998197]
	Ordinal0 [0x011EC923+1034531]
	Ordinal0 [0x011E3AF1+998129]
	Ordinal0 [0x011E49F6+1001974]
	Ordinal0 [0x011E3F8D+999309]
	Ordinal0 [0x011E4246+1000006]
	Ordinal0 [0x011E3B35+998197]
	Ordinal0 [0x011EA739+1025849]
	Ordinal0 [0x011E3AF1+998129]
	Ordinal0 [0x011E49F6+1001974]
	Ordinal0 [0x011E3F8D+999309]
	Ordinal0 [0x011E4246+1000006]
	Ordinal0 [0x011E3B35+998197]
	Ordinal0 [0x011E9ABC+1022652]
	Ordinal0 [0x011E3AF1+998129]
	Ordinal0 [0x011E49F6+1001974]
	Ordinal0 [0x011E3F8D+999309]
	Ordinal0 [0x011E4246+1000006]
	Ordinal0 [0x011E3B35+998197]
	Ordinal0 [0x011DF6ED+980717]
	Ordinal0 [0x011E3AF1+998129]
	Ordinal0 [0x011E3890+997520]
	Ordinal0 [0x011E3629+996905]
	Ordinal0 [0x011F3A60+1063520]
	Ordinal0 [0x0123BA7A+1358458]
	Ordinal0 [0x0123A71A+1353498]
	Ordinal0 [0x0123639B+1336219]
	Ordinal0 [0x012127A7+1189799]
	Ordinal0 [0x01213609+1193481]
	GetHandleVerifier [0x014E5904+1577972]
	GetHandleVerifier [0x01590B97+2279047]
	GetHandleVerifier [0x013E6D09+534521]
	GetHandleVerifier [0x013E5DB9+530601]
	Ordinal0 [0x012F4FF9+2117625]
	Ordinal0 [0x012F98A8+2136232]
	Ordinal0 [0x012F99E2+2136546]
	Ordinal0 [0x01303541+2176321]
	BaseThreadInitThunk [0x7617338A+18]
	RtlInitializeExceptionChain [0x773B9A02+99]
	RtlInitializeExceptionChain [0x773B99D5+54]
">
      <![CDATA[org.openqa.selenium.SessionNotCreatedException: session not created
from disconnected: Unable to receive message from renderer
  (Session info: chrome=96.0.4664.110)
Build info: version: '3.141.59', revision: 'e82be7d358', time: '2018-11-14T08:17:03'
System info: host: 'OWNER-PC', ip: '127.0.0.1', os.name: 'Windows 7', os.arch: 'amd64', os.version: '6.1', java.version: '16.0.1'
Driver info: driver.version: ChromeDriver
remote stacktrace: Backtrace:
Ordinal0 [0x01356903+2517251]
Ordinal0 [0x012EF8E1+2095329]
Ordinal0 [0x011F2848+1058888]
Ordinal0 [0x011E4FBF+1003455]
Ordinal0 [0x011E3F8D+999309]
Ordinal0 [0x011E4246+1000006]
Ordinal0 [0x011E3B35+998197]
Ordinal0 [0x011EE924+1042724]
Ordinal0 [0x011E3AF1+998129]
Ordinal0 [0x011E49F6+1001974]
Ordinal0 [0x011E3F8D+999309]
Ordinal0 [0x011E4246+1000006]
Ordinal0 [0x011E3B35+998197]
Ordinal0 [0x011EC923+1034531]
Ordinal0 [0x011E3AF1+998129]
Ordinal0 [0x011E49F6+1001974]
Ordinal0 [0x011E3F8D+999309]
Ordinal0 [0x011E4246+1000006]
Ordinal0 [0x011E3B35+998197]
Ordinal0 [0x011EA739+1025849]
Ordinal0 [0x011E3AF1+998129]
Ordinal0 [0x011E49F6+1001974]
Ordinal0 [0x011E3F8D+999309]
Ordinal0 [0x011E4246+1000006]
Ordinal0 [0x011E3B35+998197]
Ordinal0 [0x011E9ABC+1022652]
Ordinal0 [0x011E3AF1+998129]
Ordinal0 [0x011E49F6+1001974]
Ordinal0 [0x011E3F8D+999309]
Ordinal0 [0x011E4246+1000006]
Ordinal0 [0x011E3B35+998197]
Ordinal0 [0x011DF6ED+980717]
Ordinal0 [0x011E3AF1+998129]
Ordinal0 [0x011E3890+997520]
Ordinal0 [0x011E3629+996905]
Ordinal0 [0x011F3A60+1063520]
Ordinal0 [0x0123BA7A+1358458]
Ordinal0 [0x0123A71A+1353498]
Ordinal0 [0x0123639B+1336219]
Ordinal0 [0x012127A7+1189799]
Ordinal0 [0x01213609+1193481]
GetHandleVerifier [0x014E5904+1577972]
GetHandleVerifier [0x01590B97+2279047]
GetHandleVerifier [0x013E6D09+534521]
GetHandleVerifier [0x013E5DB9+530601]
Ordinal0 [0x012F4FF9+2117625]
Ordinal0 [0x012F98A8+2136232]
Ordinal0 [0x012F99E2+2136546]
Ordinal0 [0x01303541+2176321]
BaseThreadInitThunk [0x7617338A+18]
RtlInitializeExceptionChain [0x773B9A02+99]
RtlInitializeExceptionChain [0x773B99D5+54]

at org.openqa.selenium.remote.W3CHandshakeResponse.lambda$errorHandler$0(W3CHandshakeResponse.java:62)
at org.openqa.selenium.remote.HandshakeResponse.lambda$getResponseFunction$0(HandshakeResponse.java:30)
at org.openqa.selenium.remote.ProtocolHandshake.lambda$createSession$0(ProtocolHandshake.java:126)
at java.base/java.util.stream.ReferencePipeline$3$1.accept(ReferencePipeline.java:197)
at java.base/java.util.Spliterators$ArraySpliterator.tryAdvance(Spliterators.java:958)
at java.base/java.util.stream.ReferencePipeline.forEachWithCancel(ReferencePipeline.java:129)
at java.base/java.util.stream.AbstractPipeline.copyIntoWithCancel(AbstractPipeline.java:502)
at java.base/java.util.stream.AbstractPipeline.copyInto(AbstractPipeline.java:488)
at java.base/java.util.stream.AbstractPipeline.wrapAndCopyInto(AbstractPipeline.java:474)
at java.base/java.util.stream.FindOps$FindOp.evaluateSequential(FindOps.java:150)
at java.base/java.util.stream.AbstractPipeline.evaluate(AbstractPipeline.java:234)
at java.base/java.util.stream.ReferencePipeline.findFirst(ReferencePipeline.java:647)
at org.openqa.selenium.remote.ProtocolHandshake.createSession(ProtocolHandshake.java:128)
at org.openqa.selenium.remote.ProtocolHandshake.createSession(ProtocolHandshake.java:74)
at org.openqa.selenium.remote.HttpCommandExecutor.execute(HttpCommandExecutor.java:136)
at org.openqa.selenium.remote.service.DriverCommandExecutor.execute(DriverCommandExecutor.java:83)
at org.openqa.selenium.remote.RemoteWebDriver.execute(RemoteWebDriver.java:552)
at org.openqa.selenium.remote.RemoteWebDriver.startSession(RemoteWebDriver.java:213)
at org.openqa.selenium.remote.RemoteWebDriver.<init>(RemoteWebDriver.java:131)
at org.openqa.selenium.chrome.ChromeDriver.<init>(ChromeDriver.java:181)
at org.openqa.selenium.chrome.ChromeDriver.<init>(ChromeDriver.java:168)
at org.openqa.selenium.chrome.ChromeDriver.<init>(ChromeDriver.java:123)
at com.crm.autodesk.genericutility.BaseClass.launchBrowser(BaseClass.java:41)
at java.base/java.util.ArrayList.forEach(ArrayList.java:1511)
at java.base/java.util.concurrent.FutureTask.run(FutureTask.java:264)
at java.base/java.util.concurrent.ThreadPoolExecutor.runWorker(ThreadPoolExecutor.java:1130)
at java.base/java.util.concurrent.ThreadPoolExecutor$Worker.run(ThreadPoolExecutor.java:630)
at java.base/java.lang.Thread.run(Thread.java:831)
... Removed 21 stack frames]]>
    </failure>
  </testcase> <!-- @BeforeClass launchBrowser -->
  <testcase classname="com.crm.autodesk.genericutility.BaseClass" name="@BeforeMethod loginToApp" time="-1.640601579604E9">
    <skipped/>
  </testcase> <!-- @BeforeMethod loginToApp -->
  <testcase classname="com.crm.autodesk.genericutility.BaseClass" name="@AfterMethod logoutOfApp" time="-1.640601579715E9">
    <skipped/>
  </testcase> <!-- @AfterMethod logoutOfApp -->
  <testcase classname="com.crm.autodesk.genericutility.BaseClass" name="@BeforeMethod loginToApp" time="-1.640601579783E9">
    <skipped/>
  </testcase> <!-- @BeforeMethod loginToApp -->
  <testcase classname="com.crm.autodesk.genericutility.BaseClass" name="@AfterMethod logoutOfApp" time="-1.640601580016E9">
    <skipped/>
  </testcase> <!-- @AfterMethod logoutOfApp -->
  <testcase classname="com.crm.autodeskcontacts.CreateContact" name="createContacts" time="36.747"/>
  <testcase classname="com.crm.autodesk.orgtest.CreateOrgTest" name="createOrgTest" time="0.0">
    <skipped/>
  </testcase> <!-- createOrgTest -->
  <testcase classname="com.crm.autodesk.orgtest.CreateOrgTest" name="demo" time="0.0">
    <skipped/>
  </testcase> <!-- demo -->
  <testcase classname="com.crm.autodesk.genericutility.BaseClass" name="@BeforeSuite dbConnection" time="0.0">
    <ignored/>
  </testcase> <!-- @BeforeSuite dbConnection -->
  <testcase classname="com.crm.autodesk.genericutility.BaseClass" name="@AfterSuite closeDbConnection" time="0.0">
    <ignored/>
  </testcase> <!-- @AfterSuite closeDbConnection -->
</testsuite> <!-- TestRunner-Firefox -->
