<?xml version="1.0" encoding="UTF-8"?>
<testng-results ignored="0" total="2" passed="1" failed="1" skipped="0">
  <reporter-output>
  </reporter-output>
  <suite started-at="2021-12-28T14:42:56 IST" name="Default suite" finished-at="2021-12-28T14:45:01 IST" duration-ms="125220">
    <groups>
      <group name="RegressionSuite">
        <method signature="CreateOrgTest.createOrgTest()[pri:0, instance:com.crm.autodesk.orgtest.CreateOrgTest@7e5afaa6]" name="createOrgTest" class="com.crm.autodesk.orgtest.CreateOrgTest"/>
        <method signature="CreateOrgTest.demo()[pri:0, instance:com.crm.autodesk.orgtest.CreateOrgTest@7e5afaa6]" name="demo" class="com.crm.autodesk.orgtest.CreateOrgTest"/>
      </group> <!-- RegressionSuite -->
      <group name="SmokeSuite">
        <method signature="CreateOrgTest.createOrgTest()[pri:0, instance:com.crm.autodesk.orgtest.CreateOrgTest@7e5afaa6]" name="createOrgTest" class="com.crm.autodesk.orgtest.CreateOrgTest"/>
        <method signature="CreateOrgTest.demo()[pri:0, instance:com.crm.autodesk.orgtest.CreateOrgTest@7e5afaa6]" name="demo" class="com.crm.autodesk.orgtest.CreateOrgTest"/>
      </group> <!-- SmokeSuite -->
    </groups>
    <test started-at="2021-12-28T14:42:56 IST" name="Default test" finished-at="2021-12-28T14:45:01 IST" duration-ms="125220">
      <class name="com.crm.autodesk.orgtest.CreateOrgTest">
        <test-method is-config="true" signature="dbConnection()[pri:0, instance:com.crm.autodesk.orgtest.CreateOrgTest@7e5afaa6]" started-at="2021-12-28T14:42:56 IST" name="dbConnection" finished-at="2021-12-28T14:42:56 IST" duration-ms="22" status="PASS">
          <reporter-output>
          </reporter-output>
        </test-method> <!-- dbConnection -->
        <test-method is-config="true" signature="launchBrowser()[pri:0, instance:com.crm.autodesk.orgtest.CreateOrgTest@7e5afaa6]" started-at="2021-12-28T14:42:56 IST" name="launchBrowser" finished-at="2021-12-28T14:43:41 IST" duration-ms="45212" status="PASS">
          <reporter-output>
          </reporter-output>
        </test-method> <!-- launchBrowser -->
        <test-method is-config="true" signature="loginToApp()[pri:0, instance:com.crm.autodesk.orgtest.CreateOrgTest@7e5afaa6]" started-at="2021-12-28T14:43:41 IST" name="loginToApp" finished-at="2021-12-28T14:43:55 IST" duration-ms="13778" status="PASS">
          <reporter-output>
          </reporter-output>
        </test-method> <!-- loginToApp -->
        <test-method signature="createOrgTest()[pri:0, instance:com.crm.autodesk.orgtest.CreateOrgTest@7e5afaa6]" started-at="2021-12-28T14:43:55 IST" name="createOrgTest" finished-at="2021-12-28T14:44:23 IST" duration-ms="28609" status="FAIL">
          <exception class="java.lang.AssertionError">
            <message>
              <![CDATA[null]]>
            </message>
            <full-stacktrace>
              <![CDATA[java.lang.AssertionError: null
at org.testng.Assert.fail(Assert.java:99)
at org.testng.Assert.fail(Assert.java:106)
at com.crm.autodesk.orgtest.CreateOrgTest.createOrgTest(CreateOrgTest.java:57)
at java.base/jdk.internal.reflect.NativeMethodAccessorImpl.invoke0(Native Method)
at java.base/jdk.internal.reflect.NativeMethodAccessorImpl.invoke(NativeMethodAccessorImpl.java:78)
at java.base/jdk.internal.reflect.DelegatingMethodAccessorImpl.invoke(DelegatingMethodAccessorImpl.java:43)
at java.base/java.lang.reflect.Method.invoke(Method.java:567)
at org.testng.internal.MethodInvocationHelper.invokeMethod(MethodInvocationHelper.java:133)
at org.testng.internal.TestInvoker.invokeMethod(TestInvoker.java:598)
at org.testng.internal.TestInvoker.invokeTestMethod(TestInvoker.java:173)
at org.testng.internal.MethodRunner.runInSequence(MethodRunner.java:46)
at org.testng.internal.TestInvoker$MethodInvocationAgent.invoke(TestInvoker.java:824)
at org.testng.internal.TestInvoker.invokeTestMethods(TestInvoker.java:146)
at org.testng.internal.TestMethodWorker.invokeTestMethods(TestMethodWorker.java:146)
at org.testng.internal.TestMethodWorker.run(TestMethodWorker.java:128)
at java.base/java.util.ArrayList.forEach(ArrayList.java:1511)
at org.testng.TestRunner.privateRun(TestRunner.java:794)
at org.testng.TestRunner.run(TestRunner.java:596)
at org.testng.SuiteRunner.runTest(SuiteRunner.java:377)
at org.testng.SuiteRunner.runSequentially(SuiteRunner.java:371)
at org.testng.SuiteRunner.privateRun(SuiteRunner.java:332)
at org.testng.SuiteRunner.run(SuiteRunner.java:276)
at org.testng.SuiteRunnerWorker.runSuite(SuiteRunnerWorker.java:53)
at org.testng.SuiteRunnerWorker.run(SuiteRunnerWorker.java:96)
at org.testng.TestNG.runSuitesSequentially(TestNG.java:1212)
at org.testng.TestNG.runSuitesLocally(TestNG.java:1134)
at org.testng.TestNG.runSuites(TestNG.java:1063)
at org.testng.TestNG.run(TestNG.java:1031)
at org.testng.remote.AbstractRemoteTestNG.run(AbstractRemoteTestNG.java:115)
at org.testng.remote.RemoteTestNG.initAndRun(RemoteTestNG.java:251)
at org.testng.remote.RemoteTestNG.main(RemoteTestNG.java:77)
]]>
            </full-stacktrace>
          </exception> <!-- java.lang.AssertionError -->
          <reporter-output>
          </reporter-output>
        </test-method> <!-- createOrgTest -->
        <test-method is-config="true" signature="logoutOfApp()[pri:0, instance:com.crm.autodesk.orgtest.CreateOrgTest@7e5afaa6]" started-at="2021-12-28T14:44:34 IST" name="logoutOfApp" finished-at="2021-12-28T14:44:39 IST" duration-ms="5151" status="PASS">
          <reporter-output>
          </reporter-output>
        </test-method> <!-- logoutOfApp -->
        <test-method is-config="true" signature="loginToApp()[pri:0, instance:com.crm.autodesk.orgtest.CreateOrgTest@7e5afaa6]" started-at="2021-12-28T14:44:39 IST" name="loginToApp" finished-at="2021-12-28T14:44:43 IST" duration-ms="4222" status="PASS">
          <reporter-output>
          </reporter-output>
        </test-method> <!-- loginToApp -->
        <test-method signature="demo()[pri:0, instance:com.crm.autodesk.orgtest.CreateOrgTest@7e5afaa6]" started-at="2021-12-28T14:44:43 IST" name="demo" finished-at="2021-12-28T14:44:43 IST" duration-ms="3" status="PASS">
          <reporter-output>
          </reporter-output>
        </test-method> <!-- demo -->
        <test-method is-config="true" signature="logoutOfApp()[pri:0, instance:com.crm.autodesk.orgtest.CreateOrgTest@7e5afaa6]" started-at="2021-12-28T14:44:43 IST" name="logoutOfApp" finished-at="2021-12-28T14:45:01 IST" duration-ms="17443" status="PASS">
          <reporter-output>
          </reporter-output>
        </test-method> <!-- logoutOfApp -->
        <test-method is-config="true" signature="closeDbConnection()[pri:0, instance:com.crm.autodesk.orgtest.CreateOrgTest@7e5afaa6]" started-at="2021-12-28T14:45:02 IST" name="closeDbConnection" finished-at="2021-12-28T14:45:02 IST" duration-ms="63" status="PASS">
          <reporter-output>
          </reporter-output>
        </test-method> <!-- closeDbConnection -->
      </class> <!-- com.crm.autodesk.orgtest.CreateOrgTest -->
    </test> <!-- Default test -->
  </suite> <!-- Default suite -->
</testng-results>
